2024-04-01 16:28:18,544 - INFO - <Candidat.__init__> nom: Martin, prenom: chloe, charisme: 4, age: 50, x: 60, y: 60
2024-04-01 16:28:18,544 - INFO - <Candidat.__init__> nom: Grand, prenom: Nathan, charisme: 5, age: 46, x: 42, y: 55
2024-04-01 16:28:18,544 - INFO - <Candidat.__init__> nom: Petit, prenom: John, charisme: 3, age: 42, x: 15, y: 15
2024-04-02 14:45:34,068 - INFO - <Candidat.__init__> nom: Martin, prenom: chloe, charisme: 4, age: 50, x: 60, y: 60
2024-04-02 14:45:34,068 - INFO - <Candidat.__init__> nom: Grand, prenom: Nathan, charisme: 5, age: 46, x: 42, y: 55
2024-04-02 14:45:34,068 - INFO - <Candidat.__init__> nom: Petit, prenom: John, charisme: 3, age: 42, x: 15, y: 15
2024-04-02 14:45:34,068 - INFO - <Map.listes_listes_votes>
2024-04-02 14:45:34,068 - INFO - </Map.listes_listes_votes>
2024-04-02 14:52:16,272 - INFO - <Candidat.__init__> nom: Martin, prenom: chloe, charisme: 4, age: 50, x: 60, y: 60
2024-04-02 14:52:16,272 - INFO - <Candidat.__init__> nom: Grand, prenom: Nathan, charisme: 5, age: 46, x: 42, y: 55
2024-04-02 14:52:16,272 - INFO - <Candidat.__init__> nom: Petit, prenom: John, charisme: 3, age: 42, x: 15, y: 15
2024-04-02 14:52:16,272 - INFO - <Map.listes_listes_votes>
2024-04-02 14:52:16,272 - INFO - </Map.listes_listes_votes>
2024-04-02 14:52:26,860 - INFO - <Candidat.__init__> nom: Martin, prenom: chloe, charisme: 4, age: 50, x: 60, y: 60
2024-04-02 14:52:26,860 - INFO - <Candidat.__init__> nom: Grand, prenom: Nathan, charisme: 5, age: 46, x: 42, y: 55
2024-04-02 14:52:26,860 - INFO - <Candidat.__init__> nom: Petit, prenom: John, charisme: 3, age: 42, x: 15, y: 15
2024-04-02 14:52:26,861 - INFO - <Map.listes_listes_votes>
2024-04-02 14:52:26,861 - INFO - </Map.listes_listes_votes>
2024-04-02 15:01:35,486 - INFO - <Candidat.__init__> nom: Martin, prenom: chloe, charisme: 4, age: 50, x: 60, y: 60
2024-04-02 15:01:35,488 - INFO - <Candidat.__init__> nom: Grand, prenom: Nathan, charisme: 5, age: 46, x: 42, y: 55
2024-04-02 15:01:35,488 - INFO - <Candidat.__init__> nom: Petit, prenom: John, charisme: 3, age: 42, x: 15, y: 15
2024-04-02 15:01:35,488 - INFO - <Map.listes_listes_votes>
2024-04-02 15:01:35,488 - INFO - </Map.listes_listes_votes>
2024-04-02 15:01:55,060 - INFO - <Candidat.__init__> nom: Martin, prenom: chloe, charisme: 4, age: 50, x: 60, y: 60
2024-04-02 15:01:55,061 - INFO - <Candidat.__init__> nom: Grand, prenom: Nathan, charisme: 5, age: 46, x: 42, y: 55
2024-04-02 15:01:55,061 - INFO - <Candidat.__init__> nom: Petit, prenom: John, charisme: 3, age: 42, x: 15, y: 15
2024-04-02 15:01:55,061 - INFO - <Map.listes_listes_votes>
2024-04-02 15:01:55,061 - INFO - </Map.listes_listes_votes>
2024-04-02 15:02:24,177 - INFO - <Candidat.__init__> nom: Martin, prenom: chloe, charisme: 4, age: 50, x: 60, y: 60
2024-04-02 15:02:24,178 - INFO - <Candidat.__init__> nom: Grand, prenom: Nathan, charisme: 5, age: 46, x: 42, y: 55
2024-04-02 15:02:24,179 - INFO - <Candidat.__init__> nom: Petit, prenom: John, charisme: 3, age: 42, x: 15, y: 15
2024-04-02 15:02:24,179 - INFO - <Map.listes_listes_votes>
2024-04-02 15:02:24,179 - INFO - </Map.listes_listes_votes>
2024-04-02 15:05:10,654 - INFO - <Candidat.__init__> nom: Martin, prenom: chloe, charisme: 4, age: 50, x: 60, y: 60
2024-04-02 15:05:10,654 - INFO - <Candidat.__init__> nom: Grand, prenom: Nathan, charisme: 5, age: 46, x: 42, y: 55
2024-04-02 15:05:10,654 - INFO - <Candidat.__init__> nom: Petit, prenom: John, charisme: 3, age: 42, x: 15, y: 15
2024-04-02 15:05:10,654 - INFO - <Map.listes_listes_votes>
2024-04-02 15:05:10,654 - INFO - </Map.listes_listes_votes>
2024-04-02 15:05:45,141 - INFO - <Candidat.__init__> nom: Martin, prenom: chloe, charisme: 4, age: 50, x: 60, y: 60
2024-04-02 15:05:45,141 - INFO - <Candidat.__init__> nom: Grand, prenom: Nathan, charisme: 5, age: 46, x: 42, y: 55
2024-04-02 15:05:45,142 - INFO - <Candidat.__init__> nom: Petit, prenom: John, charisme: 3, age: 42, x: 15, y: 15
2024-04-02 15:05:45,142 - INFO - <Map.listes_listes_votes>
2024-04-02 15:05:45,143 - INFO - </Map.listes_listes_votes>
2024-04-02 15:08:23,318 - INFO - <Candidat.__init__> nom: Martin, prenom: chloe, charisme: 4, age: 50, x: 60, y: 60
2024-04-02 15:08:23,319 - INFO - <Candidat.__init__> nom: Grand, prenom: Nathan, charisme: 5, age: 46, x: 42, y: 55
2024-04-02 15:08:23,319 - INFO - <Candidat.__init__> nom: Petit, prenom: John, charisme: 3, age: 42, x: 15, y: 15
2024-04-02 15:08:23,319 - INFO - <Map.listes_listes_votes>
2024-04-02 15:08:23,320 - INFO - </Map.listes_listes_votes>
2024-04-02 15:08:44,029 - INFO - <Candidat.__init__> nom: Martin, prenom: chloe, charisme: 4, age: 50, x: 60, y: 60
2024-04-02 15:08:44,030 - INFO - <Candidat.__init__> nom: Grand, prenom: Nathan, charisme: 5, age: 46, x: 42, y: 55
2024-04-02 15:08:44,030 - INFO - <Candidat.__init__> nom: Petit, prenom: John, charisme: 3, age: 42, x: 15, y: 15
2024-04-02 15:08:44,030 - INFO - <Map.listes_listes_votes>
2024-04-02 15:08:44,030 - INFO - </Map.listes_listes_votes>
2024-04-02 15:08:56,113 - INFO - <Candidat.__init__> nom: Martin, prenom: chloe, charisme: 4, age: 50, x: 60, y: 60
2024-04-02 15:08:56,114 - INFO - <Candidat.__init__> nom: Grand, prenom: Nathan, charisme: 5, age: 46, x: 42, y: 55
2024-04-02 15:08:56,114 - INFO - <Candidat.__init__> nom: Petit, prenom: John, charisme: 3, age: 42, x: 15, y: 15
2024-04-02 15:08:56,114 - INFO - <Map.listes_listes_votes>
2024-04-02 15:08:56,114 - INFO - </Map.listes_listes_votes>
2024-04-02 15:09:09,745 - INFO - <Candidat.__init__> nom: Martin, prenom: chloe, charisme: 4, age: 50, x: 60, y: 60
2024-04-02 15:09:09,745 - INFO - <Candidat.__init__> nom: Grand, prenom: Nathan, charisme: 5, age: 46, x: 42, y: 55
2024-04-02 15:09:09,745 - INFO - <Candidat.__init__> nom: Petit, prenom: John, charisme: 3, age: 42, x: 15, y: 15
2024-04-02 15:09:09,746 - INFO - <Map.listes_listes_votes>
2024-04-02 15:09:09,746 - INFO - </Map.listes_listes_votes>
2024-04-02 15:09:16,399 - INFO - <Candidat.__init__> nom: Martin, prenom: chloe, charisme: 4, age: 50, x: 60, y: 60
2024-04-02 15:09:16,401 - INFO - <Candidat.__init__> nom: Grand, prenom: Nathan, charisme: 5, age: 46, x: 42, y: 55
2024-04-02 15:09:16,401 - INFO - <Candidat.__init__> nom: Petit, prenom: John, charisme: 3, age: 42, x: 15, y: 15
2024-04-02 15:09:16,401 - INFO - <Map.listes_listes_votes>
2024-04-02 15:09:16,401 - INFO - </Map.listes_listes_votes>
2024-04-02 15:12:08,346 - INFO - <Candidat.__init__> nom: Martin, prenom: chloe, charisme: 4, age: 50, x: 60, y: 60
2024-04-02 15:12:08,346 - INFO - <Candidat.__init__> nom: Grand, prenom: Nathan, charisme: 5, age: 46, x: 42, y: 55
2024-04-02 15:12:08,346 - INFO - <Candidat.__init__> nom: Petit, prenom: John, charisme: 3, age: 42, x: 15, y: 15
2024-04-02 15:12:08,347 - INFO - <Map.listes_listes_votes>
2024-04-02 15:12:08,347 - INFO - </Map.listes_listes_votes>
2024-04-02 15:12:30,675 - INFO - <Candidat.__init__> nom: Martin, prenom: chloe, charisme: 4, age: 50, x: 60, y: 60
2024-04-02 15:12:30,676 - INFO - <Candidat.__init__> nom: Grand, prenom: Nathan, charisme: 5, age: 46, x: 42, y: 55
2024-04-02 15:12:30,677 - INFO - <Candidat.__init__> nom: Petit, prenom: John, charisme: 3, age: 42, x: 15, y: 15
2024-04-02 15:12:30,677 - INFO - <Map.listes_listes_votes>
2024-04-02 15:12:30,677 - INFO - </Map.listes_listes_votes>
2024-04-02 15:12:42,252 - INFO - <Candidat.__init__> nom: Martin, prenom: chloe, charisme: 4, age: 50, x: 60, y: 60
2024-04-02 15:12:42,254 - INFO - <Candidat.__init__> nom: Grand, prenom: Nathan, charisme: 5, age: 46, x: 42, y: 55
2024-04-02 15:12:42,254 - INFO - <Candidat.__init__> nom: Petit, prenom: John, charisme: 3, age: 42, x: 15, y: 15
2024-04-02 15:12:42,254 - INFO - <Map.listes_listes_votes>
2024-04-02 15:12:42,254 - INFO - </Map.listes_listes_votes>
2024-04-02 15:13:15,553 - INFO - <Candidat.__init__> nom: Martin, prenom: chloe, charisme: 4, age: 50, x: 60, y: 60
2024-04-02 15:13:15,554 - INFO - <Candidat.__init__> nom: Grand, prenom: Nathan, charisme: 5, age: 46, x: 42, y: 55
2024-04-02 15:13:15,555 - INFO - <Candidat.__init__> nom: Petit, prenom: John, charisme: 3, age: 42, x: 15, y: 15
2024-04-02 15:13:15,555 - INFO - <Map.listes_listes_votes>
2024-04-02 15:13:15,555 - INFO - </Map.listes_listes_votes>
2024-04-02 15:13:35,133 - INFO - <Candidat.__init__> nom: Martin, prenom: chloe, charisme: 4, age: 50, x: 60, y: 60
2024-04-02 15:13:35,133 - INFO - <Candidat.__init__> nom: Grand, prenom: Nathan, charisme: 5, age: 46, x: 42, y: 55
2024-04-02 15:13:35,134 - INFO - <Candidat.__init__> nom: Petit, prenom: John, charisme: 3, age: 42, x: 15, y: 15
2024-04-02 15:13:35,134 - INFO - <Map.listes_listes_votes>
2024-04-02 15:13:35,134 - INFO - </Map.listes_listes_votes>
2024-04-02 15:14:32,309 - INFO - <Candidat.__init__> nom: Martin, prenom: chloe, charisme: 4, age: 50, x: 60, y: 60
2024-04-02 15:14:32,310 - INFO - <Candidat.__init__> nom: Grand, prenom: Nathan, charisme: 5, age: 46, x: 42, y: 55
2024-04-02 15:14:32,310 - INFO - <Candidat.__init__> nom: Petit, prenom: John, charisme: 3, age: 42, x: 15, y: 15
2024-04-02 15:14:32,311 - INFO - <Map.listes_listes_votes>
2024-04-02 15:14:32,311 - INFO - </Map.listes_listes_votes>
2024-04-02 15:20:52,691 - INFO - <Candidat.__init__> nom: Martin, prenom: chloe, charisme: 4, age: 50, x: 60, y: 60
2024-04-02 15:20:52,691 - INFO - <Candidat.__init__> nom: Grand, prenom: Nathan, charisme: 5, age: 46, x: 42, y: 55
2024-04-02 15:20:52,691 - INFO - <Candidat.__init__> nom: Petit, prenom: John, charisme: 3, age: 42, x: 15, y: 15
2024-04-02 15:20:52,691 - INFO - <Map.listes_listes_votes>
2024-04-02 15:20:52,691 - INFO - </Map.listes_listes_votes>
2024-04-02 15:21:47,828 - INFO - <Candidat.__init__> nom: Martin, prenom: chloe, charisme: 4, age: 50, x: 60, y: 60
2024-04-02 15:21:47,828 - INFO - <Candidat.__init__> nom: Grand, prenom: Nathan, charisme: 5, age: 46, x: 42, y: 55
2024-04-02 15:21:47,829 - INFO - <Candidat.__init__> nom: Petit, prenom: John, charisme: 3, age: 42, x: 15, y: 15
2024-04-02 15:21:47,830 - INFO - <Map.listes_listes_votes>
2024-04-02 15:21:47,830 - INFO - </Map.listes_listes_votes>
2024-04-02 15:22:32,198 - INFO - <Candidat.__init__> nom: Martin, prenom: chloe, charisme: 4, age: 50, x: 60, y: 60
2024-04-02 15:22:32,198 - INFO - <Candidat.__init__> nom: Grand, prenom: Nathan, charisme: 5, age: 46, x: 42, y: 55
2024-04-02 15:22:32,198 - INFO - <Candidat.__init__> nom: Petit, prenom: John, charisme: 3, age: 42, x: 15, y: 15
2024-04-02 15:22:32,200 - INFO - <Map.listes_listes_votes>
2024-04-02 15:22:32,200 - INFO - </Map.listes_listes_votes>
2024-04-02 15:25:40,338 - INFO - <Candidat.__init__> nom: Martin, prenom: chloe, charisme: 4, age: 50, x: 60, y: 60
2024-04-02 15:25:40,339 - INFO - <Candidat.__init__> nom: Grand, prenom: Nathan, charisme: 5, age: 46, x: 42, y: 55
2024-04-02 15:25:40,339 - INFO - <Candidat.__init__> nom: Petit, prenom: John, charisme: 3, age: 42, x: 15, y: 15
2024-04-02 15:25:40,339 - INFO - <Map.listes_listes_votes>
2024-04-02 15:25:40,339 - INFO - </Map.listes_listes_votes>
2024-04-02 15:42:13,919 - INFO - <Candidat.__init__> nom: Martin, prenom: chloe, charisme: 4, age: 50, x: 60, y: 60
2024-04-02 15:42:13,920 - INFO - <Candidat.__init__> nom: Grand, prenom: Nathan, charisme: 5, age: 46, x: 42, y: 55
2024-04-02 15:42:13,920 - INFO - <Candidat.__init__> nom: Petit, prenom: John, charisme: 3, age: 42, x: 15, y: 15
2024-04-02 15:43:01,269 - INFO - <Candidat.__init__> nom: Martin, prenom: chloe, charisme: 4, age: 50, x: 60, y: 60
2024-04-02 15:43:01,270 - INFO - <Candidat.__init__> nom: Grand, prenom: Nathan, charisme: 5, age: 46, x: 42, y: 55
2024-04-02 15:43:01,270 - INFO - <Candidat.__init__> nom: Petit, prenom: John, charisme: 3, age: 42, x: 15, y: 15
2024-04-02 15:43:22,845 - INFO - <Candidat.__init__> nom: Martin, prenom: chloe, charisme: 4, age: 50, x: 60, y: 60
2024-04-02 15:43:22,845 - INFO - <Candidat.__init__> nom: Grand, prenom: Nathan, charisme: 5, age: 46, x: 42, y: 55
2024-04-02 15:43:22,845 - INFO - <Candidat.__init__> nom: Petit, prenom: John, charisme: 3, age: 42, x: 15, y: 15
2024-04-02 15:46:11,419 - INFO - <Candidat.__init__> nom: Martin, prenom: chloe, charisme: 4, age: 50, x: 60, y: 60
2024-04-02 15:46:11,420 - INFO - <Candidat.__init__> nom: Grand, prenom: Nathan, charisme: 5, age: 46, x: 42, y: 55
2024-04-02 15:46:11,420 - INFO - <Candidat.__init__> nom: Petit, prenom: John, charisme: 3, age: 42, x: 15, y: 15
2024-04-02 16:04:11,805 - INFO - <Candidat.__init__> nom: Martin, prenom: chloe, charisme: 4, age: 50, x: 60, y: 60
2024-04-02 16:04:11,807 - INFO - <Candidat.__init__> nom: Grand, prenom: Nathan, charisme: 5, age: 46, x: 42, y: 55
2024-04-02 16:04:11,807 - INFO - <Candidat.__init__> nom: Petit, prenom: John, charisme: 3, age: 42, x: 15, y: 15
2024-04-02 16:05:25,701 - INFO - <Candidat.__init__> nom: Martin, prenom: chloe, charisme: 4, age: 50, x: 60, y: 60
2024-04-02 16:05:25,702 - INFO - <Candidat.__init__> nom: Grand, prenom: Nathan, charisme: 5, age: 46, x: 42, y: 55
2024-04-02 16:05:25,702 - INFO - <Candidat.__init__> nom: Petit, prenom: John, charisme: 3, age: 42, x: 15, y: 15
2024-04-02 16:44:05,483 - INFO - <Candidat.__init__> nom: Martin, prenom: chloe, charisme: 4, age: 50, x: 60, y: 60
2024-04-02 16:44:05,483 - INFO - <Candidat.__init__> nom: Grand, prenom: Nathan, charisme: 5, age: 46, x: 42, y: 55
2024-04-02 16:44:05,483 - INFO - <Candidat.__init__> nom: Petit, prenom: John, charisme: 3, age: 42, x: 15, y: 15
2024-04-02 16:44:05,483 - INFO - <Map.listes_listes_votes>
2024-04-02 16:44:05,483 - INFO - </Map.listes_listes_votes>
2024-04-02 16:44:23,393 - INFO - <Candidat.__init__> nom: Martin, prenom: chloe, charisme: 4, age: 50, x: 60, y: 60
2024-04-02 16:44:23,394 - INFO - <Candidat.__init__> nom: Grand, prenom: Nathan, charisme: 5, age: 46, x: 42, y: 55
2024-04-02 16:44:23,394 - INFO - <Candidat.__init__> nom: Petit, prenom: John, charisme: 3, age: 42, x: 15, y: 15
2024-04-02 16:44:23,394 - INFO - <Map.listes_listes_votes>
2024-04-02 16:44:23,394 - INFO - </Map.listes_listes_votes>
2024-04-02 16:44:33,383 - INFO - <Candidat.__init__> nom: Martin, prenom: chloe, charisme: 4, age: 50, x: 60, y: 60
2024-04-02 16:44:33,383 - INFO - <Candidat.__init__> nom: Grand, prenom: Nathan, charisme: 5, age: 46, x: 42, y: 55
2024-04-02 16:44:33,383 - INFO - <Candidat.__init__> nom: Petit, prenom: John, charisme: 3, age: 42, x: 15, y: 15
2024-04-02 16:44:33,383 - INFO - <Map.listes_listes_votes>
2024-04-02 16:44:33,384 - INFO - </Map.listes_listes_votes>
2024-04-02 16:45:31,785 - INFO - <Candidat.__init__> nom: Martin, prenom: chloe, charisme: 4, age: 50, x: 60, y: 60
2024-04-02 16:45:31,785 - INFO - <Candidat.__init__> nom: Grand, prenom: Nathan, charisme: 5, age: 46, x: 42, y: 55
2024-04-02 16:45:31,785 - INFO - <Candidat.__init__> nom: Petit, prenom: John, charisme: 3, age: 42, x: 15, y: 15
2024-04-02 16:45:31,785 - INFO - <Map.listes_listes_votes>
2024-04-02 16:45:31,785 - INFO - </Map.listes_listes_votes>
2024-04-02 16:49:16,347 - INFO - <Candidat.__init__> nom: Martin, prenom: chloe, charisme: 4, age: 50, x: 60, y: 60
2024-04-02 16:49:16,347 - INFO - <Candidat.__init__> nom: Grand, prenom: Nathan, charisme: 5, age: 46, x: 42, y: 55
2024-04-02 16:49:16,348 - INFO - <Candidat.__init__> nom: Petit, prenom: John, charisme: 3, age: 42, x: 15, y: 15
2024-04-02 16:49:16,348 - INFO - <Map.listes_listes_votes>
2024-04-02 16:49:16,348 - INFO - </Map.listes_listes_votes>
2024-04-02 16:49:42,183 - INFO - <Candidat.__init__> nom: Martin, prenom: chloe, charisme: 4, age: 50, x: 60, y: 60
2024-04-02 16:49:42,183 - INFO - <Candidat.__init__> nom: Grand, prenom: Nathan, charisme: 5, age: 46, x: 42, y: 55
2024-04-02 16:49:42,183 - INFO - <Candidat.__init__> nom: Petit, prenom: John, charisme: 3, age: 42, x: 15, y: 15
2024-04-02 16:49:42,183 - INFO - <Map.listes_listes_votes>
2024-04-02 16:49:42,184 - INFO - </Map.listes_listes_votes>
2024-04-02 16:51:55,338 - INFO - <Candidat.__init__> nom: Martin, prenom: chloe, charisme: 4, age: 50, x: 60, y: 60
2024-04-02 16:51:55,339 - INFO - <Candidat.__init__> nom: Grand, prenom: Nathan, charisme: 5, age: 46, x: 42, y: 55
2024-04-02 16:51:55,339 - INFO - <Candidat.__init__> nom: Petit, prenom: John, charisme: 3, age: 42, x: 15, y: 15
2024-04-02 16:51:55,339 - INFO - <Map.listes_listes_votes>
2024-04-02 16:51:55,339 - INFO - </Map.listes_listes_votes>
2024-04-02 16:52:09,816 - INFO - <Candidat.__init__> nom: Martin, prenom: chloe, charisme: 4, age: 50, x: 60, y: 60
2024-04-02 16:52:09,817 - INFO - <Candidat.__init__> nom: Grand, prenom: Nathan, charisme: 5, age: 46, x: 42, y: 55
2024-04-02 16:52:09,817 - INFO - <Candidat.__init__> nom: Petit, prenom: John, charisme: 3, age: 42, x: 15, y: 15
2024-04-02 16:52:09,817 - INFO - <Map.listes_listes_votes>
2024-04-02 16:52:09,817 - INFO - </Map.listes_listes_votes>
2024-04-02 16:52:21,485 - INFO - <Candidat.__init__> nom: Martin, prenom: chloe, charisme: 4, age: 50, x: 60, y: 60
2024-04-02 16:52:21,486 - INFO - <Candidat.__init__> nom: Grand, prenom: Nathan, charisme: 5, age: 46, x: 42, y: 55
2024-04-02 16:52:21,486 - INFO - <Candidat.__init__> nom: Petit, prenom: John, charisme: 3, age: 42, x: 15, y: 15
2024-04-02 16:52:21,486 - INFO - <Map.listes_listes_votes>
2024-04-02 16:52:21,487 - INFO - </Map.listes_listes_votes>
2024-04-02 17:01:18,000 - INFO - <Candidat.__init__> nom: Martin, prenom: chloe, charisme: 4, age: 50, x: 60, y: 60
2024-04-02 17:01:18,000 - INFO - <Candidat.__init__> nom: Grand, prenom: Nathan, charisme: 5, age: 46, x: 42, y: 55
2024-04-02 17:01:18,000 - INFO - <Candidat.__init__> nom: Petit, prenom: John, charisme: 3, age: 42, x: 15, y: 15
2024-04-02 17:01:18,000 - INFO - <Map.listes_listes_votes>
2024-04-02 17:01:18,000 - INFO - </Map.listes_listes_votes>
2024-04-02 17:02:01,595 - INFO - <Candidat.__init__> nom: Martin, prenom: chloe, charisme: 4, age: 50, x: 60, y: 60
2024-04-02 17:02:01,595 - INFO - <Candidat.__init__> nom: Grand, prenom: Nathan, charisme: 5, age: 46, x: 42, y: 55
2024-04-02 17:02:01,595 - INFO - <Candidat.__init__> nom: Petit, prenom: John, charisme: 3, age: 42, x: 15, y: 15
2024-04-02 17:02:01,595 - INFO - <Map.listes_listes_votes>
2024-04-02 17:02:01,595 - INFO - </Map.listes_listes_votes>
2024-04-02 17:02:37,333 - INFO - <Candidat.__init__> nom: Martin, prenom: chloe, charisme: 4, age: 50, x: 60, y: 60
2024-04-02 17:02:37,335 - INFO - <Candidat.__init__> nom: Grand, prenom: Nathan, charisme: 5, age: 46, x: 42, y: 55
2024-04-02 17:02:37,335 - INFO - <Candidat.__init__> nom: Petit, prenom: John, charisme: 3, age: 42, x: 15, y: 15
2024-04-02 17:02:37,335 - INFO - <Map.listes_listes_votes>
2024-04-02 17:02:37,335 - INFO - </Map.listes_listes_votes>
2024-04-02 17:07:34,673 - INFO - <Candidat.__init__> nom: Martin, prenom: chloe, charisme: 4, age: 50, x: 60, y: 60
2024-04-02 17:07:34,674 - INFO - <Candidat.__init__> nom: Grand, prenom: Nathan, charisme: 5, age: 46, x: 42, y: 55
2024-04-02 17:07:34,674 - INFO - <Candidat.__init__> nom: Petit, prenom: John, charisme: 3, age: 42, x: 15, y: 15
2024-04-02 17:07:34,674 - INFO - <Map.listes_listes_votes>
2024-04-02 17:07:34,674 - INFO - </Map.listes_listes_votes>
2024-04-02 17:09:30,289 - INFO - <Candidat.__init__> nom: Martin, prenom: chloe, charisme: 4, age: 50, x: 60, y: 60
2024-04-02 17:09:30,289 - INFO - <Candidat.__init__> nom: Grand, prenom: Nathan, charisme: 5, age: 46, x: 42, y: 55
2024-04-02 17:09:30,289 - INFO - <Candidat.__init__> nom: Petit, prenom: John, charisme: 3, age: 42, x: 15, y: 15
2024-04-02 17:09:30,289 - INFO - <Map.listes_listes_votes>
2024-04-02 17:09:30,289 - INFO - </Map.listes_listes_votes>
2024-04-02 17:09:58,141 - INFO - <Candidat.__init__> nom: Martin, prenom: chloe, charisme: 4, age: 50, x: 60, y: 60
2024-04-02 17:09:58,141 - INFO - <Candidat.__init__> nom: Grand, prenom: Nathan, charisme: 5, age: 46, x: 42, y: 55
2024-04-02 17:09:58,142 - INFO - <Candidat.__init__> nom: Petit, prenom: John, charisme: 3, age: 42, x: 15, y: 15
2024-04-02 17:09:58,142 - INFO - <Map.listes_listes_votes>
2024-04-02 17:09:58,142 - INFO - </Map.listes_listes_votes>
2024-04-02 17:10:00,572 - INFO - <Candidat.__init__> nom: Martin, prenom: chloe, charisme: 4, age: 50, x: 60, y: 60
2024-04-02 17:10:00,572 - INFO - <Candidat.__init__> nom: Grand, prenom: Nathan, charisme: 5, age: 46, x: 42, y: 55
2024-04-02 17:10:00,572 - INFO - <Candidat.__init__> nom: Petit, prenom: John, charisme: 3, age: 42, x: 15, y: 15
2024-04-02 17:10:00,572 - INFO - <Map.listes_listes_votes>
2024-04-02 17:10:00,572 - INFO - </Map.listes_listes_votes>
2024-04-02 17:11:43,022 - INFO - <Candidat.__init__> nom: Martin, prenom: chloe, charisme: 4, age: 50, x: 60, y: 60
2024-04-02 17:11:43,022 - INFO - <Candidat.__init__> nom: Grand, prenom: Nathan, charisme: 5, age: 46, x: 42, y: 55
2024-04-02 17:11:43,023 - INFO - <Candidat.__init__> nom: Petit, prenom: John, charisme: 3, age: 42, x: 15, y: 15
2024-04-02 17:11:43,023 - INFO - <Map.listes_listes_votes>
2024-04-02 17:11:43,023 - INFO - </Map.listes_listes_votes>
2024-04-02 17:11:59,459 - INFO - <Candidat.__init__> nom: Martin, prenom: chloe, charisme: 4, age: 50, x: 60, y: 60
2024-04-02 17:11:59,460 - INFO - <Candidat.__init__> nom: Grand, prenom: Nathan, charisme: 5, age: 46, x: 42, y: 55
2024-04-02 17:11:59,461 - INFO - <Candidat.__init__> nom: Petit, prenom: John, charisme: 3, age: 42, x: 15, y: 15
2024-04-02 17:11:59,461 - INFO - <Map.listes_listes_votes>
2024-04-02 17:11:59,461 - INFO - </Map.listes_listes_votes>
